0 info it worked if it ends with ok
1 verbose cli [ '/usr/local/bin/node', '/usr/local/bin/npm', 'run', 'build' ]
2 info using npm@3.3.12
3 info using node@v5.3.0
4 verbose run-script [ 'prebuild', 'build', 'postbuild' ]
5 info lifecycle coldbrew@0.1.0~prebuild: coldbrew@0.1.0
6 silly lifecycle coldbrew@0.1.0~prebuild: no script for prebuild, continuing
7 info lifecycle coldbrew@0.1.0~build: coldbrew@0.1.0
8 verbose lifecycle coldbrew@0.1.0~build: unsafe-perm in lifecycle true
9 verbose lifecycle coldbrew@0.1.0~build: PATH: /usr/local/lib/node_modules/npm/bin/node-gyp-bin:/Users/lisadeng/coldbrew/node_modules/.bin:/Users/lisadeng/.sdkman/candidates/gradle/current/bin:/Users/lisadeng/miniconda2/bin:/Library/Frameworks/Python.framework/Versions/2.7/bin:/usr/local/bin:/usr/bin:/bin:/usr/sbin:/sbin:/usr/local/bin:/opt/X11/bin
10 verbose lifecycle coldbrew@0.1.0~build: CWD: /Users/lisadeng/coldbrew
11 silly lifecycle coldbrew@0.1.0~build: Args: [ '-c', 'run-p build:css build:js' ]
12 silly lifecycle coldbrew@0.1.0~build: Returned: code: 1  signal: null
13 info lifecycle coldbrew@0.1.0~build: Failed to exec build script
14 verbose stack Error: coldbrew@0.1.0 build: `run-p build:css build:js`
14 verbose stack Exit status 1
14 verbose stack     at EventEmitter.<anonymous> (/usr/local/lib/node_modules/npm/lib/utils/lifecycle.js:232:16)
14 verbose stack     at emitTwo (events.js:87:13)
14 verbose stack     at EventEmitter.emit (events.js:172:7)
14 verbose stack     at ChildProcess.<anonymous> (/usr/local/lib/node_modules/npm/lib/utils/spawn.js:24:14)
14 verbose stack     at emitTwo (events.js:87:13)
14 verbose stack     at ChildProcess.emit (events.js:172:7)
14 verbose stack     at maybeClose (internal/child_process.js:818:16)
14 verbose stack     at Process.ChildProcess._handle.onexit (internal/child_process.js:211:5)
15 verbose pkgid coldbrew@0.1.0
16 verbose cwd /Users/lisadeng/coldbrew
17 error Darwin 16.7.0
18 error argv "/usr/local/bin/node" "/usr/local/bin/npm" "run" "build"
19 error node v5.3.0
20 error npm  v3.3.12
21 error code ELIFECYCLE
22 error coldbrew@0.1.0 build: `run-p build:css build:js`
22 error Exit status 1
23 error Failed at the coldbrew@0.1.0 build script 'run-p build:css build:js'.
23 error Make sure you have the latest version of node.js and npm installed.
23 error If you do, this is most likely a problem with the coldbrew package,
23 error not with npm itself.
23 error Tell the author that this fails on your system:
23 error     run-p build:css build:js
23 error You can get their info via:
23 error     npm owner ls coldbrew
23 error There is likely additional logging output above.
24 verbose exit [ 1, true ]
